<?xml version="1.0" encoding="UTF-8"?>
<robot generator="Robot 5.0.1 (Python 3.10.5 on win32)" generated="20230830 12:16:35.466" rpa="false" schemaversion="3">
<suite id="s1" name="Test 01" source="D:\TestKube_Robot\Test_01.robot">
<test id="s1-t1" name="Open Chrome" line="5">
<kw name="Evaluate" library="BuiltIn">
<var>${chrome_options}</var>
<arg>sys.modules['selenium.webdriver'].ChromeOptions()</arg>
<arg>sys, selenium.webdriver</arg>
<doc>Evaluates the given expression in Python and returns the result.</doc>
<msg timestamp="20230830 12:16:35.656" level="INFO">${chrome_options} = &lt;selenium.webdriver.chrome.options.Options object at 0x000001BF85700E20&gt;</msg>
<status status="PASS" starttime="20230830 12:16:35.656" endtime="20230830 12:16:35.656"/>
</kw>
<kw name="Call Method" library="BuiltIn">
<arg>${chrome_options}</arg>
<arg>add_argument</arg>
<arg>--disable-extensions</arg>
<doc>Calls the named method of the given object with the provided arguments.</doc>
<status status="PASS" starttime="20230830 12:16:35.657" endtime="20230830 12:16:35.657"/>
</kw>
<kw name="Call Method" library="BuiltIn">
<arg>${chrome_options}</arg>
<arg>add_argument</arg>
<arg>--headless</arg>
<doc>Calls the named method of the given object with the provided arguments.</doc>
<status status="PASS" starttime="20230830 12:16:35.658" endtime="20230830 12:16:35.658"/>
</kw>
<kw name="Call Method" library="BuiltIn">
<arg>${chrome_options}</arg>
<arg>add_argument</arg>
<arg>--disable-gpu</arg>
<doc>Calls the named method of the given object with the provided arguments.</doc>
<status status="PASS" starttime="20230830 12:16:35.658" endtime="20230830 12:16:35.658"/>
</kw>
<kw name="Call Method" library="BuiltIn">
<arg>${chrome_options}</arg>
<arg>add_argument</arg>
<arg>--no-sandbox</arg>
<doc>Calls the named method of the given object with the provided arguments.</doc>
<status status="PASS" starttime="20230830 12:16:35.659" endtime="20230830 12:16:35.659"/>
</kw>
<kw name="Create Webdriver" library="SeleniumLibrary">
<arg>Chrome</arg>
<arg>chrome_options=${chrome_options}</arg>
<doc>Creates an instance of Selenium WebDriver.</doc>
<msg timestamp="20230830 12:16:35.660" level="INFO">Creating an instance of the Chrome WebDriver.</msg>
<status status="PASS" starttime="20230830 12:16:35.660" endtime="20230830 12:16:37.916"/>
</kw>
<kw name="Set Window Size" library="SeleniumLibrary">
<arg>1024</arg>
<arg>768</arg>
<doc>Sets current windows size to given ``width`` and ``height``.</doc>
<status status="PASS" starttime="20230830 12:16:37.917" endtime="20230830 12:16:38.021"/>
</kw>
<kw name="Go To" library="SeleniumLibrary">
<arg>https://www.google.com/</arg>
<doc>Navigates the current browser window to the provided ``url``.</doc>
<msg timestamp="20230830 12:16:38.022" level="INFO">Opening url 'https://www.google.com/'</msg>
<status status="PASS" starttime="20230830 12:16:38.022" endtime="20230830 12:16:39.771"/>
</kw>
<kw name="Sleep" library="BuiltIn">
<arg>3s</arg>
<doc>Pauses the test executed for the given time.</doc>
<msg timestamp="20230830 12:16:42.778" level="INFO">Slept 3 seconds</msg>
<status status="PASS" starttime="20230830 12:16:39.772" endtime="20230830 12:16:42.778"/>
</kw>
<kw name="Log To Console" library="BuiltIn">
<arg>Am in google page right now.</arg>
<doc>Logs the given message to the console.</doc>
<status status="PASS" starttime="20230830 12:16:42.779" endtime="20230830 12:16:42.780"/>
</kw>
<kw name="Input Text" library="SeleniumLibrary">
<arg>xpath=//textarea[contains(@class,'gLFyf')]</arg>
<arg>Snowfall</arg>
<doc>Types the given ``text`` into the text field identified by ``locator``.</doc>
<msg timestamp="20230830 12:16:42.782" level="INFO">Typing text 'Snowfall' into text field 'xpath=//textarea[contains(@class,'gLFyf')]'.</msg>
<status status="PASS" starttime="20230830 12:16:42.781" endtime="20230830 12:16:42.917"/>
</kw>
<kw name="Log To Console" library="BuiltIn">
<arg>Typing Snowfall.</arg>
<doc>Logs the given message to the console.</doc>
<status status="PASS" starttime="20230830 12:16:42.917" endtime="20230830 12:16:42.917"/>
</kw>
<kw name="Press Keys" library="SeleniumLibrary">
<arg>xpath=//div[contains(@class,'CcAdNb')]</arg>
<arg>ENTER</arg>
<doc>Simulates the user pressing key(s) to an element or on the active browser.</doc>
<msg timestamp="20230830 12:16:42.919" level="INFO">Sending key(s) ('ENTER',) to xpath=//div[contains(@class,'CcAdNb')] element.</msg>
<msg timestamp="20230830 12:16:43.205" level="INFO">Pressing special key ENTER to element.</msg>
<msg timestamp="20230830 12:16:43.205" level="INFO">Releasing special key ENTER.</msg>
<status status="PASS" starttime="20230830 12:16:42.917" endtime="20230830 12:16:46.560"/>
</kw>
<tag>test</tag>
<status status="PASS" starttime="20230830 12:16:35.655" endtime="20230830 12:16:46.561"/>
</test>
<status status="PASS" starttime="20230830 12:16:35.475" endtime="20230830 12:16:46.563"/>
</suite>
<statistics>
<total>
<stat pass="1" fail="0" skip="0">All Tests</stat>
</total>
<tag>
<stat pass="1" fail="0" skip="0">test</stat>
</tag>
<suite>
<stat pass="1" fail="0" skip="0" id="s1" name="Test 01">Test 01</stat>
</suite>
</statistics>
<errors>
</errors>
</robot>
